<?xml version="1.0" encoding="utf-8"?><testsuites name="pytest tests"><testsuite name="pytest" errors="0" failures="0" skipped="0" tests="6" time="43.433" timestamp="2026-05-14T13:55:34.194562+00:00" hostname="agent-env-16b18636-c757-4cfb-bae3-0fbf2507b571"><testcase classname="backend.tests.test_iteration3_nislainy.TestNislainyTrabalhista" name="test_webhook_demissao_responde_nislainy" time="16.016" /><testcase classname="backend.tests.test_iteration3_nislainy.TestNislainyPrevidenciario" name="test_webhook_inss_pergunta_cnis" time="12.696" /><testcase classname="backend.tests.test_iteration3_nislainy.TestNislainyFamilia" name="test_webhook_divorcio_pergunta_filhos_bens" time="12.782" /><testcase classname="backend.tests.test_iteration3_nislainy.TestElevenLabsErrorPaths" name="test_clone_without_api_key_returns_400" time="0.404" /><testcase classname="backend.tests.test_iteration3_nislainy.TestElevenLabsErrorPaths" name="test_voices_without_api_key_returns_ok_false" time="0.167" /><testcase classname="backend.tests.test_iteration3_nislainy.TestElevenLabsErrorPaths" name="test_test_voice_without_voice_id_returns_400" time="1.292" /></testsuite></testsuites>