<?xml version="1.0" encoding="utf-8"?><testsuites name="pytest tests"><testsuite name="pytest" errors="0" failures="1" skipped="0" tests="11" time="49.319" timestamp="2026-05-02T16:41:28.841293+00:00" hostname="agent-env-16b18636-c757-4cfb-bae3-0fbf2507b571"><testcase classname="backend.tests.test_voice_mode_iteration2.TestWhatsAppConfigVoice" name="test_get_config_returns_voice_defaults" time="0.597" /><testcase classname="backend.tests.test_voice_mode_iteration2.TestWhatsAppConfigVoice" name="test_backfill_on_legacy_config" time="0.103" /><testcase classname="backend.tests.test_voice_mode_iteration2.TestWhatsAppConfigVoice" name="test_put_config_persists_voice_fields" time="0.177" /><testcase classname="backend.tests.test_voice_mode_iteration2.TestWebhookSecurity" name="test_wrong_token_rejected" time="0.002" /><testcase classname="backend.tests.test_voice_mode_iteration2.TestVoiceModeBehavior" name="test_mode_text_and_audio_sends_both" time="13.628" /><testcase classname="backend.tests.test_voice_mode_iteration2.TestVoiceModeBehavior" name="test_mode_text_only" time="3.555" /><testcase classname="backend.tests.test_voice_mode_iteration2.TestVoiceModeBehavior" name="test_mode_audio_only" time="8.531" /><testcase classname="backend.tests.test_voice_mode_iteration2.TestVoiceModeBehavior" name="test_incoming_audio_sets_prefer_audio" time="8.618"><failure message="AssertionError: Contact not persisted&#10;assert None">backend/tests/test_voice_mode_iteration2.py:227: in test_incoming_audio_sets_prefer_audio
    assert contact, "Contact not persisted"
E   AssertionError: Contact not persisted
E   assert None</failure></testcase><testcase classname="backend.tests.test_voice_mode_iteration2.TestVoiceModeBehavior" name="test_auto_mode_plain_text_client_only_text" time="2.956" /><testcase classname="backend.tests.test_voice_mode_iteration2.TestVoiceModeBehavior" name="test_low_literacy_heuristic_triggers_prefer_audio" time="10.716" /><testcase classname="backend.tests.test_voice_mode_iteration2" name="test_cleanup_restore_default_config" time="0.089" /></testsuite></testsuites>