<?xml version="1.0" encoding="utf-8"?><testsuites name="pytest tests"><testsuite name="pytest" errors="0" failures="0" skipped="0" tests="16" time="43.437" timestamp="2026-05-02T15:18:12.486210+00:00" hostname="agent-env-16b18636-c757-4cfb-bae3-0fbf2507b571"><testcase classname="backend.tests.test_webhook_fix_iteration1.TestAuth" name="test_login_ok" time="0.446" /><testcase classname="backend.tests.test_webhook_fix_iteration1.TestAuth" name="test_login_wrong_password" time="0.303" /><testcase classname="backend.tests.test_webhook_fix_iteration1.TestBaileysAndConfig" name="test_baileys_status" time="0.354" /><testcase classname="backend.tests.test_webhook_fix_iteration1.TestBaileysAndConfig" name="test_diagnostics" time="0.080" /><testcase classname="backend.tests.test_webhook_fix_iteration1.TestBaileysAndConfig" name="test_get_whatsapp_config" time="0.058" /><testcase classname="backend.tests.test_webhook_fix_iteration1.TestBaileysAndConfig" name="test_update_whatsapp_config" time="0.124" /><testcase classname="backend.tests.test_webhook_fix_iteration1.TestBaileysWebhook" name="test_webhook_wrong_token_rejected" time="0.048" /><testcase classname="backend.tests.test_webhook_fix_iteration1.TestBaileysWebhook" name="test_webhook_correct_token_processes" time="8.255" /><testcase classname="backend.tests.test_webhook_fix_iteration1.TestBaileysWebhook" name="test_webhook_contact_and_messages_persisted" time="8.369" /><testcase classname="backend.tests.test_webhook_fix_iteration1.TestChatIA" name="test_chat_message_public" time="14.836" /><testcase classname="backend.tests.test_webhook_fix_iteration1.TestChatIA" name="test_chat_history" time="10.193" /><testcase classname="backend.tests.test_webhook_fix_iteration1.TestCRM" name="test_list_leads" time="0.051" /><testcase classname="backend.tests.test_webhook_fix_iteration1.TestCRM" name="test_create_lead" time="0.067" /><testcase classname="backend.tests.test_webhook_fix_iteration1.TestCRM" name="test_list_processes" time="0.049" /><testcase classname="backend.tests.test_webhook_fix_iteration1.TestCRM" name="test_list_transactions" time="0.064" /><testcase classname="backend.tests.test_webhook_fix_iteration1.TestCRM" name="test_list_appointments" time="0.047" /></testsuite></testsuites>